#
# A fatal error has been detected by the Java Runtime Environment:
#
#  SIGSEGV (0xb) at pc=0x000000010bc46908, pid=52880, tid=19459
#
# JRE version: Java(TM) SE Runtime Environment (8.0_65-b17) (build 1.8.0_65-b17)
# Java VM: Java HotSpot(TM) 64-Bit Server VM (25.65-b01 mixed mode bsd-amd64 compressed oops)
# Problematic frame:
# V  [libjvm.dylib+0x446908]  Method::checked_resolve_jmethod_id(_jmethodID*)+0xe
#
# Failed to write core dump. Core dumps have been disabled. To enable core dumping, try "ulimit -c unlimited" before starting Java again
#
# If you would like to submit a bug report, please visit:
#   http://bugreport.java.com/bugreport/crash.jsp
#

---------------  T H R E A D  ---------------

Current thread (0x00007fea8e802000):  JavaThread "JDWP Transport Listener: dt_socket" daemon [_thread_in_vm, id=19459, stack(0x0000700000fca000,0x00007000010ca000)]

siginfo: si_signo: 11 (SIGSEGV), si_code: 0 (unknown), si_addr: 0x0000000000000000

Registers:
RAX=0x0000000000000001, RBX=0x00007000010c9a8b, RCX=0x000000010c015310, RDX=0x00007000010c9a8b
RSP=0x00007000010c99d0, RBP=0x00007000010c99e0, RSI=0x00007fea8e802000, RDI=0x0005000000000000
R8 =0x0000000000000001, R9 =0x00007fea8a622e90, R10=0x0000000017968cdd, R11=0x00007fea8a600000
R12=0x00007fea8e802000, R13=0x0005000000000000, R14=0x0005000000000000, R15=0x00007fea8a601720
RIP=0x000000010bc46908, EFLAGS=0x0000000000010206, ERR=0x0000000000000000
  TRAPNO=0x000000000000000d

Top of Stack: (sp=0x00007000010c99d0)
0x00007000010c99d0:   00007000010c9a8b 00007000010c9a8b
0x00007000010c99e0:   00007000010c9a40 000000010bb55a02
0x00007000010c99f0:   00007fea8e802000 0000000000000000
0x00007000010c9a00:   0000000000000000 0000000000000000
0x00007000010c9a10:   00007fea8e802000 00007fea8e802000
0x00007000010c9a20:   00007000010c9a8b 00007000010c9a90
0x00007000010c9a30:   0005000000000000 0000000000000009
0x00007000010c9a40:   00007000010c9a60 000000010a749780
0x00007000010c9a50:   0000000000000001 00007000010c9b08
0x00007000010c9a60:   00007000010c9ad0 000000010a72e1f3
0x00007000010c9a70:   00007000010c9aa0 00007fea8a6220b0
0x00007000010c9a80:   0000000a00000032 00000009000c9b08
0x00007000010c9a90:   0000000000000000 0000000000000000
0x00007000010c9aa0:   0000000000000000 00007000010c9c90
0x00007000010c9ab0:   000000010a750e7a 00007fea8a622ca0
0x00007000010c9ac0:   00007000010c9b08 000000010a75c598
0x00007000010c9ad0:   00007000010c9ae0 000000010a72e2ec
0x00007000010c9ae0:   00007000010c9d00 000000010a737898
0x00007000010c9af0:   0000ab3d00000013 00000000000f0200
0x00007000010c9b00:   00007fea8a622180 00007fea8a62314f
0x00007000010c9b10:   00007fea00000199 00007fea8a622e70
0x00007000010c9b20:   000000000000012c 00007000010c9b58
0x00007000010c9b30:   00007fea8a622e70 0000000000000000
0x00007000010c9b40:   0000ab3d000001f6 00007fff00005c80
0x00007000010c9b50:   0000000000000000 ea7f00000a000000
0x00007000010c9b60:   06000000b8b0028b 00003e74696e693c
0x00007000010c9b70:   0000005629280300 7f00000100000000
0x00007000010c9b80:   000000c8b0028bea 6874615074656707
0x00007000010c9b90:   6a4c292812000000 6c6974752f617661
0x00007000010c9ba0:   00003b7473694c2f 76616a4c29282800
0x00007000010c9bb0:   4c2f6c6974752f61 6e6e614c3c747369
0x00007000010c9bc0:   742f676e696c6165 3b797469432f7073 

Instructions: (pc=0x000000010bc46908)
0x000000010bc468e8:   40 48 48 85 c0 75 e0 30 c0 0f b6 c0 5d c3 31 c0
0x000000010bc468f8:   5d c3 55 48 89 e5 53 48 83 ec 08 48 85 ff 74 24
0x000000010bc46908:   48 8b 1f 48 85 db 74 1c 48 83 fb 37 74 16 48 8b
0x000000010bc46918:   03 48 89 df ff 50 10 84 c0 b8 00 00 00 00 48 0f 

Register to memory mapping:

RAX=0x0000000000000001 is an unknown value
RBX=0x00007000010c9a8b is pointing into the stack for thread: 0x00007fea8e802000
RCX=0x000000010c015310: UseMembar+0 in /Library/Java/JavaVirtualMachines/jdk1.8.0_65.jdk/Contents/Home/jre/lib/server/libjvm.dylib at 0x000000010b800000
RDX=0x00007000010c9a8b is pointing into the stack for thread: 0x00007fea8e802000
RSP=0x00007000010c99d0 is pointing into the stack for thread: 0x00007fea8e802000
RBP=0x00007000010c99e0 is pointing into the stack for thread: 0x00007fea8e802000
RSI=0x00007fea8e802000 is a thread
RDI=0x0005000000000000 is an unknown value
R8 =0x0000000000000001 is an unknown value
R9 =0x00007fea8a622e90 is an unknown value
R10=0x0000000017968cdd is an unknown value
R11=0x00007fea8a600000 is an unknown value
R12=0x00007fea8e802000 is a thread
R13=0x0005000000000000 is an unknown value
R14=0x0005000000000000 is an unknown value
R15=0x00007fea8a601720 is an unknown value


Stack: [0x0000700000fca000,0x00007000010ca000],  sp=0x00007000010c99d0,  free space=1022k
Native frames: (J=compiled Java code, j=interpreted, Vv=VM code, C=native code)
V  [libjvm.dylib+0x446908]  Method::checked_resolve_jmethod_id(_jmethodID*)+0xe
V  [libjvm.dylib+0x355a02]  jvmti_IsMethodSynthetic+0xb2
C  [libjdwp.dylib+0x20780]  isMethodSynthetic+0x63
C  [libjdwp.dylib+0x51f3]  methods1+0x10b
C  [libjdwp.dylib+0x52ec]  methodsWithGeneric+0xe
C  [libjdwp.dylib+0xe898]  debugLoop_run+0x1ce
C  [libjdwp.dylib+0x1f6ba]  attachThread+0x4d
V  [libjvm.dylib+0x396d60]  JvmtiAgentThread::call_start_function()+0x38
V  [libjvm.dylib+0x5612d3]  JavaThread::thread_main_inner()+0x9b
V  [libjvm.dylib+0x5629ce]  JavaThread::run()+0x1c2
V  [libjvm.dylib+0x48342e]  java_start(Thread*)+0xf6
C  [libsystem_pthread.dylib+0x39b1]  _pthread_body+0x83
C  [libsystem_pthread.dylib+0x392e]  _pthread_body+0x0
C  [libsystem_pthread.dylib+0x1385]  thread_start+0xd
C  0x0000000000000000


---------------  P R O C E S S  ---------------

Java Threads: ( => current thread )
  0x00007fea8a838000 JavaThread "Service Thread" daemon [_thread_blocked, id=23043, stack(0x00007000016df000,0x00007000017df000)]
  0x00007fea8d80a800 JavaThread "C1 CompilerThread3" daemon [_thread_blocked, id=22531, stack(0x00007000015dc000,0x00007000016dc000)]
  0x00007fea8e000000 JavaThread "C2 CompilerThread2" daemon [_thread_blocked, id=22019, stack(0x00007000014d9000,0x00007000015d9000)]
  0x00007fea8c801000 JavaThread "C2 CompilerThread1" daemon [_thread_blocked, id=21507, stack(0x00007000013d6000,0x00007000014d6000)]
  0x00007fea8a837800 JavaThread "C2 CompilerThread0" daemon [_thread_blocked, id=20995, stack(0x00007000012d3000,0x00007000013d3000)]
  0x00007fea8d034800 JavaThread "JDWP Command Reader" daemon [_thread_in_native, id=20483, stack(0x00007000011d0000,0x00007000012d0000)]
  0x00007fea8e803000 JavaThread "JDWP Event Helper Thread" daemon [_thread_blocked, id=19971, stack(0x00007000010cd000,0x00007000011cd000)]
=>0x00007fea8e802000 JavaThread "JDWP Transport Listener: dt_socket" daemon [_thread_in_vm, id=19459, stack(0x0000700000fca000,0x00007000010ca000)]
  0x00007fea8b823000 JavaThread "Signal Dispatcher" daemon [_thread_blocked, id=18459, stack(0x0000700000ec7000,0x0000700000fc7000)]
  0x00007fea8c802000 JavaThread "Finalizer" daemon [_thread_blocked, id=14339, stack(0x0000700000c3b000,0x0000700000d3b000)]
  0x00007fea8b803800 JavaThread "Reference Handler" daemon [_thread_blocked, id=13827, stack(0x0000700000b38000,0x0000700000c38000)]
  0x00007fea8a822800 JavaThread "main" [_thread_blocked, id=5891, stack(0x000070000011a000,0x000070000021a000)]

Other Threads:
  0x00007fea8d033000 VMThread [stack: 0x0000700000a35000,0x0000700000b35000] [id=13315]
  0x00007fea8c806000 WatcherThread [stack: 0x00007000017e2000,0x00007000018e2000] [id=23555]

VM state:not at safepoint (normal execution)

VM Mutex/Monitor currently owned by a thread: None

Heap:
 PSYoungGen      total 76288K, used 10494K [0x000000076ab00000, 0x0000000770000000, 0x00000007c0000000)
  eden space 65536K, 16% used [0x000000076ab00000,0x000000076b53f9b8,0x000000076eb00000)
  from space 10752K, 0% used [0x000000076f580000,0x000000076f580000,0x0000000770000000)
  to   space 10752K, 0% used [0x000000076eb00000,0x000000076eb00000,0x000000076f580000)
 ParOldGen       total 175104K, used 0K [0x00000006c0000000, 0x00000006cab00000, 0x000000076ab00000)
  object space 175104K, 0% used [0x00000006c0000000,0x00000006c0000000,0x00000006cab00000)
 Metaspace       used 4346K, capacity 5280K, committed 5504K, reserved 1056768K
  class space    used 489K, capacity 528K, committed 640K, reserved 1048576K

Card table byte_map: [0x000000011bb49000,0x000000011c34a000] byte_map_base: 0x0000000118549000

Marking Bits: (ParMarkBitMap*) 0x000000010c0dee20
 Begin Bits: [0x000000011c8a0000, 0x00000001208a0000)
 End Bits:   [0x00000001208a0000, 0x00000001248a0000)

Polling page: 0x000000010a728000

CodeCache: size=245760Kb used=1741Kb max_used=1741Kb free=244018Kb
 bounds [0x000000010c789000, 0x000000010c9f9000, 0x000000011b789000]
 total_blobs=509 nmethods=260 adapters=171
 compilation: enabled

Compilation events (10 events):
Event: 0.507 Thread 0x00007fea8d80a800  256       3       java.util.HashMap::<init> (11 bytes)
Event: 0.507 Thread 0x00007fea8d80a800 nmethod 256 0x000000010c93b6d0 code [0x000000010c93b840, 0x000000010c93ba50]
Event: 0.507 Thread 0x00007fea8d80a800  255       3       java.net.URLClassLoader$1::<init> (15 bytes)
Event: 0.507 Thread 0x00007fea8d80a800 nmethod 255 0x000000010c93bb50 code [0x000000010c93bcc0, 0x000000010c93beb0]
Event: 0.507 Thread 0x00007fea8d80a800  257       3       java.util.Formatter$Flags::contains (22 bytes)
Event: 0.507 Thread 0x00007fea8d80a800 nmethod 257 0x000000010c93bf50 code [0x000000010c93c0c0, 0x000000010c93c2d0]
Event: 0.507 Thread 0x00007fea8d80a800  258       1       annealing.tsp.City::getX (5 bytes)
Event: 0.507 Thread 0x00007fea8d80a800 nmethod 258 0x000000010c93c390 code [0x000000010c93c4e0, 0x000000010c93c5f0]
Event: 0.507 Thread 0x00007fea8d80a800  259       1       annealing.tsp.City::getY (5 bytes)
Event: 0.507 Thread 0x00007fea8d80a800 nmethod 259 0x000000010c93c650 code [0x000000010c93c7a0, 0x000000010c93c8b0]

GC Heap History (0 events):
No events

Deoptimization events (0 events):
No events

Internal exceptions (7 events):
Event: 0.038 Thread 0x00007fea8a822800 Exception <a 'java/lang/NoSuchMethodError': Method sun.misc.Unsafe.defineClass(Ljava/lang/String;[BII)Ljava/lang/Class; name or signature does not match> (0x000000076ab12d70) thrown at [/Users/java_re/workspace/8-2-build-macosx-x86_64/jdk8u65/4987/hotspot
Event: 0.038 Thread 0x00007fea8a822800 Exception <a 'java/lang/NoSuchMethodError': Method sun.misc.Unsafe.prefetchRead(Ljava/lang/Object;J)V name or signature does not match> (0x000000076ab13058) thrown at [/Users/java_re/workspace/8-2-build-macosx-x86_64/jdk8u65/4987/hotspot/src/share/vm/prim
Event: 0.323 Thread 0x00007fea8a822800 Exception <a 'java/io/FileNotFoundException'> (0x000000076b0d0d40) thrown at [/Users/java_re/workspace/8-2-build-macosx-x86_64/jdk8u65/4987/hotspot/src/share/vm/prims/jni.cpp, line 709]
Event: 0.337 Thread 0x00007fea8a822800 Exception <a 'java/security/PrivilegedActionException'> (0x000000076b1390d8) thrown at [/Users/java_re/workspace/8-2-build-macosx-x86_64/jdk8u65/4987/hotspot/src/share/vm/prims/jvm.cpp, line 1386]
Event: 0.337 Thread 0x00007fea8a822800 Exception <a 'java/security/PrivilegedActionException'> (0x000000076b1392e8) thrown at [/Users/java_re/workspace/8-2-build-macosx-x86_64/jdk8u65/4987/hotspot/src/share/vm/prims/jvm.cpp, line 1386]
Event: 0.337 Thread 0x00007fea8a822800 Exception <a 'java/security/PrivilegedActionException'> (0x000000076b13c588) thrown at [/Users/java_re/workspace/8-2-build-macosx-x86_64/jdk8u65/4987/hotspot/src/share/vm/prims/jvm.cpp, line 1386]
Event: 0.337 Thread 0x00007fea8a822800 Exception <a 'java/security/PrivilegedActionException'> (0x000000076b13c798) thrown at [/Users/java_re/workspace/8-2-build-macosx-x86_64/jdk8u65/4987/hotspot/src/share/vm/prims/jvm.cpp, line 1386]

Events (10 events):
Event: 3073.647 Executing VM operation: ForceSafepoint
Event: 3073.647 Executing VM operation: ForceSafepoint done
Event: 3073.648 Executing VM operation: ForceSafepoint
Event: 3073.648 Executing VM operation: ForceSafepoint done
Event: 3144.455 Executing VM operation: ChangeBreakpoints
Event: 3144.455 Executing VM operation: ChangeBreakpoints done
Event: 3144.456 Thread 0x00007fea8e802000 DEOPT PACKING pc=0x000000010c92e16c sp=0x00007000010c8540
Event: 3144.456 Thread 0x00007fea8e802000 DEOPT UNPACKING pc=0x000000010c7d0633 sp=0x00007000010c8298 mode 1
Event: 3144.457 Executing VM operation: RedefineClasses
Event: 3144.459 Executing VM operation: RedefineClasses done


Dynamic libraries:
0x0000000002be5000 	/System/Library/Frameworks/Cocoa.framework/Versions/A/Cocoa
0x0000000002be5000 	/System/Library/Frameworks/Security.framework/Versions/A/Security
0x0000000002be5000 	/System/Library/Frameworks/ApplicationServices.framework/Versions/A/ApplicationServices
0x0000000002be5000 	/usr/lib/libz.1.dylib
0x0000000002be5000 	/usr/lib/libSystem.B.dylib
0x0000000002be5000 	/usr/lib/libobjc.A.dylib
0x0000000002be5000 	/System/Library/Frameworks/CoreFoundation.framework/Versions/A/CoreFoundation
0x0000000002be5000 	/System/Library/Frameworks/Foundation.framework/Versions/C/Foundation
0x0000000002be5000 	/System/Library/Frameworks/AppKit.framework/Versions/C/AppKit
0x0000000002be5000 	/System/Library/Frameworks/CoreData.framework/Versions/A/CoreData
0x0000000002be5000 	/System/Library/PrivateFrameworks/RemoteViewServices.framework/Versions/A/RemoteViewServices
0x0000000002be5000 	/System/Library/PrivateFrameworks/UIFoundation.framework/Versions/A/UIFoundation
0x0000000002be5000 	/usr/lib/libScreenReader.dylib
0x0000000002be5000 	/System/Library/Frameworks/Accelerate.framework/Versions/A/Accelerate
0x0000000002be5000 	/System/Library/Frameworks/IOSurface.framework/Versions/A/IOSurface
0x0000000002be5000 	/System/Library/Frameworks/AudioToolbox.framework/Versions/A/AudioToolbox
0x0000000002be5000 	/System/Library/Frameworks/AudioUnit.framework/Versions/A/AudioUnit
0x0000000002be5000 	/System/Library/PrivateFrameworks/DataDetectorsCore.framework/Versions/A/DataDetectorsCore
0x0000000002be5000 	/System/Library/PrivateFrameworks/DesktopServicesPriv.framework/Versions/A/DesktopServicesPriv
0x0000000002be5000 	/System/Library/Frameworks/Carbon.framework/Versions/A/Frameworks/HIToolbox.framework/Versions/A/HIToolbox
0x0000000002be5000 	/System/Library/Frameworks/QuartzCore.framework/Versions/A/QuartzCore
0x0000000002be5000 	/System/Library/Frameworks/Carbon.framework/Versions/A/Frameworks/SpeechRecognition.framework/Versions/A/SpeechRecognition
0x0000000002be5000 	/usr/lib/libauto.dylib
0x0000000002be5000 	/usr/lib/libicucore.A.dylib
0x0000000002be5000 	/usr/lib/libxml2.2.dylib
0x0000000002be5000 	/System/Library/PrivateFrameworks/CoreUI.framework/Versions/A/CoreUI
0x0000000002be5000 	/System/Library/Frameworks/CoreAudio.framework/Versions/A/CoreAudio
0x0000000002be5000 	/System/Library/Frameworks/DiskArbitration.framework/Versions/A/DiskArbitration
0x0000000002be5000 	/usr/lib/liblangid.dylib
0x0000000002be5000 	/System/Library/PrivateFrameworks/MultitouchSupport.framework/Versions/A/MultitouchSupport
0x0000000002be5000 	/System/Library/Frameworks/IOKit.framework/Versions/A/IOKit
0x0000000002be5000 	/usr/lib/libDiagnosticMessagesClient.dylib
0x0000000002be5000 	/System/Library/Frameworks/CoreServices.framework/Versions/A/CoreServices
0x0000000002be5000 	/System/Library/PrivateFrameworks/PerformanceAnalysis.framework/Versions/A/PerformanceAnalysis
0x0000000002be5000 	/System/Library/PrivateFrameworks/GenerationalStorage.framework/Versions/A/GenerationalStorage
0x0000000002be5000 	/System/Library/Frameworks/OpenGL.framework/Versions/A/OpenGL
0x0000000002be5000 	/System/Library/PrivateFrameworks/Sharing.framework/Versions/A/Sharing
0x0000000002be5000 	/System/Library/Frameworks/CoreGraphics.framework/Versions/A/CoreGraphics
0x0000000002be5000 	/System/Library/Frameworks/CoreImage.framework/Versions/A/CoreImage
0x0000000002be5000 	/System/Library/Frameworks/CoreText.framework/Versions/A/CoreText
0x0000000002be5000 	/System/Library/Frameworks/ImageIO.framework/Versions/A/ImageIO
0x0000000002be5000 	/System/Library/PrivateFrameworks/Backup.framework/Versions/A/Backup
0x0000000002be5000 	/usr/lib/libextension.dylib
0x0000000002be5000 	/usr/lib/libarchive.2.dylib
0x0000000002be5000 	/System/Library/Frameworks/CFNetwork.framework/Versions/A/CFNetwork
0x0000000002be5000 	/System/Library/Frameworks/SystemConfiguration.framework/Versions/A/SystemConfiguration
0x0000000002be5000 	/usr/lib/libCRFSuite.dylib
0x0000000002be5000 	/usr/lib/libc++.1.dylib
0x0000000002be5000 	/usr/lib/libc++abi.dylib
0x0000000002be5000 	/usr/lib/system/libcache.dylib
0x0000000002be5000 	/usr/lib/system/libcommonCrypto.dylib
0x0000000002be5000 	/usr/lib/system/libcompiler_rt.dylib
0x0000000002be5000 	/usr/lib/system/libcopyfile.dylib
0x0000000002be5000 	/usr/lib/system/libcorecrypto.dylib
0x0000000002be5000 	/usr/lib/system/libdispatch.dylib
0x0000000002be5000 	/usr/lib/system/libdyld.dylib
0x0000000002be5000 	/usr/lib/system/libkeymgr.dylib
0x0000000002be5000 	/usr/lib/system/liblaunch.dylib
0x0000000002be5000 	/usr/lib/system/libmacho.dylib
0x0000000002be5000 	/usr/lib/system/libquarantine.dylib
0x0000000002be5000 	/usr/lib/system/libremovefile.dylib
0x0000000002be5000 	/usr/lib/system/libsystem_asl.dylib
0x0000000002be5000 	/usr/lib/system/libsystem_blocks.dylib
0x0000000002be5000 	/usr/lib/system/libsystem_c.dylib
0x0000000002be5000 	/usr/lib/system/libsystem_configuration.dylib
0x0000000002be5000 	/usr/lib/system/libsystem_coreservices.dylib
0x0000000002be5000 	/usr/lib/system/libsystem_coretls.dylib
0x0000000002be5000 	/usr/lib/system/libsystem_dnssd.dylib
0x0000000002be5000 	/usr/lib/system/libsystem_info.dylib
0x0000000002be5000 	/usr/lib/system/libsystem_kernel.dylib
0x0000000002be5000 	/usr/lib/system/libsystem_m.dylib
0x0000000002be5000 	/usr/lib/system/libsystem_malloc.dylib
0x0000000002be5000 	/usr/lib/system/libsystem_network.dylib
0x0000000002be5000 	/usr/lib/system/libsystem_networkextension.dylib
0x0000000002be5000 	/usr/lib/system/libsystem_notify.dylib
0x0000000002be5000 	/usr/lib/system/libsystem_platform.dylib
0x0000000002be5000 	/usr/lib/system/libsystem_pthread.dylib
0x0000000002be5000 	/usr/lib/system/libsystem_sandbox.dylib
0x0000000002be5000 	/usr/lib/system/libsystem_secinit.dylib
0x0000000002be5000 	/usr/lib/system/libsystem_trace.dylib
0x0000000002be5000 	/usr/lib/system/libunc.dylib
0x0000000002be5000 	/usr/lib/system/libunwind.dylib
0x0000000002be5000 	/usr/lib/system/libxpc.dylib
0x0000000002be5000 	/usr/lib/libenergytrace.dylib
0x0000000002be5000 	/usr/lib/libbsm.0.dylib
0x0000000002be5000 	/usr/lib/system/libkxld.dylib
0x0000000002be5000 	/usr/lib/libxar.1.dylib
0x0000000002be5000 	/usr/lib/libsqlite3.dylib
0x0000000002be5000 	/usr/lib/libpam.2.dylib
0x0000000002be5000 	/usr/lib/libOpenScriptingUtil.dylib
0x0000000002be5000 	/usr/lib/libbz2.1.0.dylib
0x0000000002be5000 	/usr/lib/liblzma.5.dylib
0x0000000002be5000 	/System/Library/Frameworks/CoreServices.framework/Versions/A/Frameworks/FSEvents.framework/Versions/A/FSEvents
0x0000000002be5000 	/System/Library/Frameworks/CoreServices.framework/Versions/A/Frameworks/CarbonCore.framework/Versions/A/CarbonCore
0x0000000002be5000 	/System/Library/Frameworks/CoreServices.framework/Versions/A/Frameworks/Metadata.framework/Versions/A/Metadata
0x0000000002be5000 	/System/Library/Frameworks/CoreServices.framework/Versions/A/Frameworks/OSServices.framework/Versions/A/OSServices
0x0000000002be5000 	/System/Library/Frameworks/CoreServices.framework/Versions/A/Frameworks/SearchKit.framework/Versions/A/SearchKit
0x0000000002be5000 	/System/Library/Frameworks/CoreServices.framework/Versions/A/Frameworks/AE.framework/Versions/A/AE
0x0000000002be5000 	/System/Library/Frameworks/CoreServices.framework/Versions/A/Frameworks/LaunchServices.framework/Versions/A/LaunchServices
0x0000000002be5000 	/System/Library/Frameworks/CoreServices.framework/Versions/A/Frameworks/DictionaryServices.framework/Versions/A/DictionaryServices
0x0000000002be5000 	/System/Library/Frameworks/CoreServices.framework/Versions/A/Frameworks/SharedFileList.framework/Versions/A/SharedFileList
0x0000000002be5000 	/System/Library/Frameworks/NetFS.framework/Versions/A/NetFS
0x0000000002be5000 	/System/Library/PrivateFrameworks/NetAuth.framework/Versions/A/NetAuth
0x0000000002be5000 	/System/Library/PrivateFrameworks/login.framework/Versions/A/Frameworks/loginsupport.framework/Versions/A/loginsupport
0x0000000002be5000 	/System/Library/PrivateFrameworks/TCC.framework/Versions/A/TCC
0x0000000002be5000 	/usr/lib/libmecabra.dylib
0x0000000002be5000 	/System/Library/Frameworks/ApplicationServices.framework/Versions/A/Frameworks/ATS.framework/Versions/A/ATS
0x0000000002be5000 	/System/Library/Frameworks/ApplicationServices.framework/Versions/A/Frameworks/ColorSync.framework/Versions/A/ColorSync
0x0000000002be5000 	/System/Library/Frameworks/ApplicationServices.framework/Versions/A/Frameworks/HIServices.framework/Versions/A/HIServices
0x0000000002be5000 	/System/Library/Frameworks/ApplicationServices.framework/Versions/A/Frameworks/LangAnalysis.framework/Versions/A/LangAnalysis
0x0000000002be5000 	/System/Library/Frameworks/ApplicationServices.framework/Versions/A/Frameworks/PrintCore.framework/Versions/A/PrintCore
0x0000000002be5000 	/System/Library/Frameworks/ApplicationServices.framework/Versions/A/Frameworks/QD.framework/Versions/A/QD
0x0000000002be5000 	/System/Library/Frameworks/ApplicationServices.framework/Versions/A/Frameworks/SpeechSynthesis.framework/Versions/A/SpeechSynthesis
0x0000000002be5000 	/System/Library/Frameworks/Metal.framework/Versions/A/Metal
0x0000000002be5000 	/System/Library/Frameworks/Accelerate.framework/Versions/A/Frameworks/vImage.framework/Versions/A/vImage
0x0000000002be5000 	/System/Library/Frameworks/Accelerate.framework/Versions/A/Frameworks/vecLib.framework/Versions/A/vecLib
0x0000000002be5000 	/System/Library/Frameworks/Accelerate.framework/Versions/A/Frameworks/vecLib.framework/Versions/A/libvDSP.dylib
0x0000000002be5000 	/System/Library/Frameworks/Accelerate.framework/Versions/A/Frameworks/vecLib.framework/Versions/A/libvMisc.dylib
0x0000000002be5000 	/System/Library/Frameworks/Accelerate.framework/Versions/A/Frameworks/vecLib.framework/Versions/A/libLAPACK.dylib
0x0000000002be5000 	/System/Library/Frameworks/Accelerate.framework/Versions/A/Frameworks/vecLib.framework/Versions/A/libBLAS.dylib
0x0000000002be5000 	/System/Library/Frameworks/Accelerate.framework/Versions/A/Frameworks/vecLib.framework/Versions/A/libLinearAlgebra.dylib
0x0000000002be5000 	/System/Library/Frameworks/Accelerate.framework/Versions/A/Frameworks/vecLib.framework/Versions/A/libSparseBLAS.dylib
0x0000000002be5000 	/System/Library/PrivateFrameworks/GPUCompiler.framework/libmetal_timestamp.dylib
0x0000000002be5000 	/System/Library/Frameworks/OpenGL.framework/Versions/A/Libraries/libCoreFSCache.dylib
0x0000000002be5000 	/System/Library/PrivateFrameworks/IOAccelerator.framework/Versions/A/IOAccelerator
0x0000000002be5000 	/System/Library/Frameworks/ApplicationServices.framework/Versions/A/Frameworks/ATS.framework/Versions/A/Resources/libFontParser.dylib
0x0000000002be5000 	/System/Library/Frameworks/ApplicationServices.framework/Versions/A/Frameworks/ATS.framework/Versions/A/Resources/libFontRegistry.dylib
0x0000000002be5000 	/System/Library/PrivateFrameworks/AppleVPA.framework/Versions/A/AppleVPA
0x0000000002be5000 	/System/Library/PrivateFrameworks/AppleJPEG.framework/Versions/A/AppleJPEG
0x0000000002be5000 	/System/Library/Frameworks/ImageIO.framework/Versions/A/Resources/libJPEG.dylib
0x0000000002be5000 	/System/Library/Frameworks/ImageIO.framework/Versions/A/Resources/libTIFF.dylib
0x0000000002be5000 	/System/Library/Frameworks/ImageIO.framework/Versions/A/Resources/libPng.dylib
0x0000000002be5000 	/System/Library/Frameworks/ImageIO.framework/Versions/A/Resources/libGIF.dylib
0x0000000002be5000 	/System/Library/Frameworks/ImageIO.framework/Versions/A/Resources/libJP2.dylib
0x0000000002be5000 	/System/Library/Frameworks/ImageIO.framework/Versions/A/Resources/libRadiance.dylib
0x0000000002be5000 	/System/Library/Frameworks/CoreVideo.framework/Versions/A/CoreVideo
0x0000000002be5000 	/System/Library/Frameworks/OpenGL.framework/Versions/A/Libraries/libGLU.dylib
0x0000000002be5000 	/System/Library/Frameworks/OpenGL.framework/Versions/A/Libraries/libGFXShared.dylib
0x0000000002be5000 	/System/Library/Frameworks/OpenGL.framework/Versions/A/Libraries/libGL.dylib
0x0000000002be5000 	/System/Library/Frameworks/OpenGL.framework/Versions/A/Libraries/libGLImage.dylib
0x0000000002be5000 	/System/Library/Frameworks/OpenGL.framework/Versions/A/Libraries/libCVMSPluginSupport.dylib
0x0000000002be5000 	/System/Library/Frameworks/OpenGL.framework/Versions/A/Libraries/libCoreVMClient.dylib
0x0000000002be5000 	/usr/lib/libcups.2.dylib
0x0000000002be5000 	/System/Library/Frameworks/Kerberos.framework/Versions/A/Kerberos
0x0000000002be5000 	/System/Library/Frameworks/GSS.framework/Versions/A/GSS
0x0000000002be5000 	/usr/lib/libresolv.9.dylib
0x0000000002be5000 	/usr/lib/libiconv.2.dylib
0x0000000002be5000 	/System/Library/PrivateFrameworks/Heimdal.framework/Versions/A/Heimdal
0x0000000002be5000 	/usr/lib/libheimdal-asn1.dylib
0x0000000002be5000 	/System/Library/Frameworks/OpenDirectory.framework/Versions/A/OpenDirectory
0x0000000002be5000 	/System/Library/PrivateFrameworks/CommonAuth.framework/Versions/A/CommonAuth
0x0000000002be5000 	/System/Library/Frameworks/OpenDirectory.framework/Versions/A/Frameworks/CFOpenDirectory.framework/Versions/A/CFOpenDirectory
0x0000000002be5000 	/System/Library/Frameworks/SecurityFoundation.framework/Versions/A/SecurityFoundation
0x0000000002be5000 	/System/Library/PrivateFrameworks/LanguageModeling.framework/Versions/A/LanguageModeling
0x0000000002be5000 	/usr/lib/libmarisa.dylib
0x0000000002be5000 	/usr/lib/libChineseTokenizer.dylib
0x0000000002be5000 	/usr/lib/libcmph.dylib
0x0000000002be5000 	/usr/lib/libcompression.dylib
0x0000000002be5000 	/System/Library/Frameworks/ServiceManagement.framework/Versions/A/ServiceManagement
0x0000000002be5000 	/usr/lib/libxslt.1.dylib
0x0000000002be5000 	/System/Library/Frameworks/Carbon.framework/Versions/A/Frameworks/Ink.framework/Versions/A/Ink
0x0000000002be5000 	/usr/lib/libFosl_dynamic.dylib
0x0000000002be5000 	/System/Library/PrivateFrameworks/FaceCore.framework/Versions/A/FaceCore
0x0000000002be5000 	/System/Library/Frameworks/OpenCL.framework/Versions/A/OpenCL
0x0000000002be5000 	/System/Library/PrivateFrameworks/CrashReporterSupport.framework/Versions/A/CrashReporterSupport
0x0000000002be5000 	/System/Library/PrivateFrameworks/IconServices.framework/Versions/A/IconServices
0x0000000002be5000 	/System/Library/PrivateFrameworks/Apple80211.framework/Versions/A/Apple80211
0x0000000002be5000 	/System/Library/Frameworks/CoreWLAN.framework/Versions/A/CoreWLAN
0x0000000002be5000 	/System/Library/Frameworks/IOBluetooth.framework/Versions/A/IOBluetooth
0x0000000002be5000 	/System/Library/PrivateFrameworks/CoreWiFi.framework/Versions/A/CoreWiFi
0x0000000002be5000 	/System/Library/Frameworks/CoreBluetooth.framework/Versions/A/CoreBluetooth
0x0000000002be5000 	/System/Library/PrivateFrameworks/ChunkingLibrary.framework/Versions/A/ChunkingLibrary
0x0000000002be5000 	/System/Library/PrivateFrameworks/DebugSymbols.framework/Versions/A/DebugSymbols
0x0000000002be5000 	/System/Library/PrivateFrameworks/CoreSymbolication.framework/Versions/A/CoreSymbolication
0x0000000002be5000 	/System/Library/PrivateFrameworks/Symbolication.framework/Versions/A/Symbolication
0x0000000002be5000 	/System/Library/PrivateFrameworks/SpeechRecognitionCore.framework/Versions/A/SpeechRecognitionCore
0x000000010b800000 	/Library/Java/JavaVirtualMachines/jdk1.8.0_65.jdk/Contents/Home/jre/lib/server/libjvm.dylib
0x0000000002be5000 	/usr/lib/libstdc++.6.dylib
0x000000010a6e5000 	/Library/Java/JavaVirtualMachines/jdk1.8.0_65.jdk/Contents/Home/jre/lib/libverify.dylib
0x000000010a6f3000 	/Library/Java/JavaVirtualMachines/jdk1.8.0_65.jdk/Contents/Home/jre/lib/libjava.dylib
0x000000010a729000 	/Library/Java/JavaVirtualMachines/jdk1.8.0_65.jdk/Contents/Home/jre/lib/libjdwp.dylib
0x000000010a774000 	/Library/Java/JavaVirtualMachines/jdk1.8.0_65.jdk/Contents/Home/jre/lib/libnpt.dylib
0x000000010a778000 	/Library/Java/JavaVirtualMachines/jdk1.8.0_65.jdk/Contents/Home/jre/lib/libinstrument.dylib
0x000000010a7d6000 	/Library/Java/JavaVirtualMachines/jdk1.8.0_65.jdk/Contents/Home/jre/lib/libzip.dylib
0x00000001277f6000 	/System/Library/Frameworks/JavaVM.framework/Frameworks/JavaRuntimeSupport.framework/JavaRuntimeSupport
0x0000000127811000 	/System/Library/Frameworks/JavaVM.framework/Versions/A/Frameworks/JavaNativeFoundation.framework/Versions/A/JavaNativeFoundation
0x0000000127826000 	/System/Library/Frameworks/JavaVM.framework/Versions/A/JavaVM
0x0000000002be5000 	/System/Library/Frameworks/Carbon.framework/Versions/A/Carbon
0x0000000127833000 	/System/Library/PrivateFrameworks/JavaLaunching.framework/Versions/A/JavaLaunching
0x0000000002be5000 	/System/Library/Frameworks/Carbon.framework/Versions/A/Frameworks/CommonPanels.framework/Versions/A/CommonPanels
0x0000000002be5000 	/System/Library/Frameworks/Carbon.framework/Versions/A/Frameworks/Help.framework/Versions/A/Help
0x0000000002be5000 	/System/Library/Frameworks/Carbon.framework/Versions/A/Frameworks/ImageCapture.framework/Versions/A/ImageCapture
0x0000000002be5000 	/System/Library/Frameworks/Carbon.framework/Versions/A/Frameworks/OpenScripting.framework/Versions/A/OpenScripting
0x0000000002be5000 	/System/Library/Frameworks/Carbon.framework/Versions/A/Frameworks/Print.framework/Versions/A/Print
0x0000000002be5000 	/System/Library/Frameworks/Carbon.framework/Versions/A/Frameworks/SecurityHI.framework/Versions/A/SecurityHI
0x0000000129153000 	/Library/Java/JavaVirtualMachines/jdk1.8.0_65.jdk/Contents/Home/jre/lib/libdt_socket.dylib

VM Arguments:
jvm_args: -agentlib:jdwp=transport=dt_socket,address=127.0.0.1:63315,suspend=y,server=n -ea -javaagent:/Users/youngbinkim/Library/Caches/IntelliJIdea15/groovyHotSwap/gragent.jar -Didea.junit.sm_runner -Dfile.encoding=UTF-8 
java_command: com.intellij.rt.execution.junit.JUnitStarter -ideVersion5 annealing.tsp.TourTest
java_class_path (initial): /Applications/IntelliJ IDEA 15.app/Contents/lib/idea_rt.jar:/Applications/IntelliJ IDEA 15.app/Contents/plugins/junit/lib/junit-rt.jar:/Library/Java/JavaVirtualMachines/jdk1.8.0_65.jdk/Contents/Home/jre/lib/charsets.jar:/Library/Java/JavaVirtualMachines/jdk1.8.0_65.jdk/Contents/Home/jre/lib/deploy.jar:/Library/Java/JavaVirtualMachines/jdk1.8.0_65.jdk/Contents/Home/jre/lib/ext/cldrdata.jar:/Library/Java/JavaVirtualMachines/jdk1.8.0_65.jdk/Contents/Home/jre/lib/ext/dnsns.jar:/Library/Java/JavaVirtualMachines/jdk1.8.0_65.jdk/Contents/Home/jre/lib/ext/jaccess.jar:/Library/Java/JavaVirtualMachines/jdk1.8.0_65.jdk/Contents/Home/jre/lib/ext/jfxrt.jar:/Library/Java/JavaVirtualMachines/jdk1.8.0_65.jdk/Contents/Home/jre/lib/ext/localedata.jar:/Library/Java/JavaVirtualMachines/jdk1.8.0_65.jdk/Contents/Home/jre/lib/ext/nashorn.jar:/Library/Java/JavaVirtualMachines/jdk1.8.0_65.jdk/Contents/Home/jre/lib/ext/sunec.jar:/Library/Java/JavaVirtualMachines/jdk1.8.0_65.jdk/Contents/Home/jre/lib/ext/sunjce_provider.jar:/Library/Java/JavaVirtualMachines/jdk1.8.0_65.jdk/Contents/Home/jre/lib/ext/sunpkcs11.jar:/Library/Java/JavaVirtualMachines/jdk1.8.0_65.jdk/Contents/Home/jre/lib/ext/zipfs.jar:/Library/Java/JavaVirtualMachines/jdk1.8.0_65.jdk/Contents/Home/jre/lib/javaws.jar:/Library/Java/JavaVirtualMachines/jdk1.8.0_65.jdk/Contents/Home/jre/lib/jce.jar:/Library/Java/JavaVirtualMachines/jdk1.8.0_65.jdk/Contents/Home/jre/lib/jfr.jar:/Library/Java/JavaVirtualMachines/jdk1.8.0_65.jdk/Contents/Home/jre/lib/jfxswt.jar:/Library/Java/JavaVirtualMachines/jdk1.8.0_65.jdk/Contents/Home/jre/lib/jsse.jar:/Library/Java/JavaVirtualMachines/jdk1.8.0_65.jdk/Contents/Home/jre/lib/management-agent.jar:/Library/Java/JavaVirtualMachines/jdk1.8.0_65.jdk/Contents/Home/jre/lib/plugin.jar:/Library/Java/JavaVirtualMachines/jdk1.8.0_65.jdk/Contents/Home/jre/lib/resources.jar:/Library/Java/JavaVirtualMachines/jdk1.8.0_65.jdk/Contents/Home/jre/lib/rt.jar:/Library/Java/JavaVirtualMachines/
Launcher Type: SUN_STANDARD

Environment Variables:
PATH=/usr/local/bin:/usr/bin:/bin:/usr/sbin:/sbin
SHELL=/bin/bash

Signal Handlers:
SIGSEGV: [libjvm.dylib+0x5a6d31], sa_mask[0]=11111111011111110111111111111111, sa_flags=SA_ONSTACK|SA_RESTART|SA_SIGINFO
SIGBUS: [libjvm.dylib+0x5a6d31], sa_mask[0]=11111111011111110111111111111111, sa_flags=SA_RESTART|SA_SIGINFO
SIGFPE: [libjvm.dylib+0x480a40], sa_mask[0]=11111111011111110111111111111111, sa_flags=SA_RESTART|SA_SIGINFO
SIGPIPE: [libjvm.dylib+0x480a40], sa_mask[0]=11111111011111110111111111111111, sa_flags=SA_RESTART|SA_SIGINFO
SIGXFSZ: [libjvm.dylib+0x480a40], sa_mask[0]=11111111011111110111111111111111, sa_flags=SA_RESTART|SA_SIGINFO
SIGILL: [libjvm.dylib+0x480a40], sa_mask[0]=11111111011111110111111111111111, sa_flags=SA_RESTART|SA_SIGINFO
SIGUSR1: SIG_DFL, sa_mask[0]=00000000000000000000000000000000, sa_flags=none
SIGUSR2: [libjvm.dylib+0x48055e], sa_mask[0]=00100000000000000000000000000000, sa_flags=SA_RESTART|SA_SIGINFO
SIGHUP: [libjvm.dylib+0x47eb35], sa_mask[0]=11111111011111110111111111111111, sa_flags=SA_RESTART|SA_SIGINFO
SIGINT: [libjvm.dylib+0x47eb35], sa_mask[0]=11111111011111110111111111111111, sa_flags=SA_RESTART|SA_SIGINFO
SIGTERM: [libjvm.dylib+0x47eb35], sa_mask[0]=11111111011111110111111111111111, sa_flags=SA_RESTART|SA_SIGINFO
SIGQUIT: [libjvm.dylib+0x47eb35], sa_mask[0]=11111111011111110111111111111111, sa_flags=SA_RESTART|SA_SIGINFO


---------------  S Y S T E M  ---------------

OS:Bsduname:Darwin 15.0.0 Darwin Kernel Version 15.0.0: Wed Aug 26 16:57:32 PDT 2015; root:xnu-3247.1.106~1/RELEASE_X86_64 x86_64
rlimit: STACK 8192k, CORE 0k, NPROC 709, NOFILE 10240, AS infinity
load average:2.58 2.21 2.11

CPU:total 8 (4 cores per cpu, 2 threads per core) family 6 model 70 stepping 1, cmov, cx8, fxsr, mmx, sse, sse2, sse3, ssse3, sse4.1, sse4.2, popcnt, avx, avx2, aes, clmul, erms, lzcnt, ht, tsc, tscinvbit, bmi1, bmi2

Memory: 4k page, physical 16777216k(263804k free)

/proc/meminfo:


vm_info: Java HotSpot(TM) 64-Bit Server VM (25.65-b01) for bsd-amd64 JRE (1.8.0_65-b17), built on Oct  6 2015 15:36:46 by "java_re" with gcc 4.2.1 (Based on Apple Inc. build 5658) (LLVM build 2336.11.00)

time: Fri Feb 12 20:11:44 2016
elapsed time: 3144 seconds (0d 0h 52m 24s)

